0 info it worked if it ends with ok
1 verbose cli [ 'D:\\Programas\\nodejs\\node.exe',
1 verbose cli   'D:\\Programas\\nodejs\\node_modules\\npm\\bin\\npm-cli.js',
1 verbose cli   'start' ]
2 info using npm@3.10.10
3 info using node@v6.11.2
4 verbose stack Error: Failed to parse json
4 verbose stack Unexpected token 's' at 16:6
4 verbose stack     "start": "nodemon server.js"
4 verbose stack      ^
4 verbose stack     at parseError (D:\Programas\nodejs\node_modules\npm\node_modules\read-package-json\read-json.js:390:11)
4 verbose stack     at parseJson (D:\Programas\nodejs\node_modules\npm\node_modules\read-package-json\read-json.js:79:23)
4 verbose stack     at D:\Programas\nodejs\node_modules\npm\node_modules\read-package-json\read-json.js:48:5
4 verbose stack     at D:\Programas\nodejs\node_modules\npm\node_modules\graceful-fs\graceful-fs.js:78:16
4 verbose stack     at tryToString (fs.js:456:3)
4 verbose stack     at FSReqWrap.readFileAfterClose [as oncomplete] (fs.js:443:12)
5 verbose cwd C:\Users\User\Desktop\Desarrollo\Arduino\Arduino web\Apagar y prender led serialPort
6 error Windows_NT 10.0.14393
7 error argv "D:\\Programas\\nodejs\\node.exe" "D:\\Programas\\nodejs\\node_modules\\npm\\bin\\npm-cli.js" "start"
8 error node v6.11.2
9 error npm  v3.10.10
10 error file C:\Users\User\Desktop\Desarrollo\Arduino\Arduino web\Apagar y prender led serialPort\package.json
11 error code EJSONPARSE
12 error Failed to parse json
12 error Unexpected token 's' at 16:6
12 error     "start": "nodemon server.js"
12 error      ^
13 error File: C:\Users\User\Desktop\Desarrollo\Arduino\Arduino web\Apagar y prender led serialPort\package.json
14 error Failed to parse package.json data.
14 error package.json must be actual JSON, not just JavaScript.
14 error
14 error This is not a bug in npm.
14 error Tell the package author to fix their package.json file. JSON.parse
15 verbose exit [ 1, true ]
